[debug] [2023-05-04T15:44:14.016Z] ----------------------------------------------------------------------
[debug] [2023-05-04T15:44:14.021Z] Command:       C:\Program Files\nodejs\node.exe C:\Users\Raju Hassan\AppData\Roaming\npm\node_modules\firebase-tools\lib\bin\firebase.js init
[debug] [2023-05-04T15:44:14.022Z] CLI Version:   11.27.0
[debug] [2023-05-04T15:44:14.022Z] Platform:      win32
[debug] [2023-05-04T15:44:14.022Z] Node Version:  v18.12.1
[debug] [2023-05-04T15:44:14.048Z] Time:          Thu May 04 2023 21:44:14 GMT+0600 (Bangladesh Standard Time)
[debug] [2023-05-04T15:44:14.049Z] ----------------------------------------------------------------------
[debug] 
[debug] [2023-05-04T15:44:14.058Z] >>> [apiv2][query] GET https://firebase-public.firebaseio.com/cli.json [none]
[debug] [2023-05-04T15:44:14.142Z] > command requires scopes: ["email","openid","https://www.googleapis.com/auth/cloudplatformprojects.readonly","https://www.googleapis.com/auth/firebase","https://www.googleapis.com/auth/cloud-platform"]
[debug] [2023-05-04T15:44:14.143Z] > authorizing via signed-in user (rajuh301@gmail.com)
[info] 
     ######## #### ########  ######## ########     ###     ######  ########
     ##        ##  ##     ## ##       ##     ##  ##   ##  ##       ##
     ######    ##  ########  ######   ########  #########  ######  ######
     ##        ##  ##    ##  ##       ##     ## ##     ##       ## ##
     ##       #### ##     ## ######## ########  ##     ##  ######  ########

You're about to initialize a Firebase project in this directory:

  C:\Users\Raju Hassan\Desktop\assignments -10\natural-food-server

[debug] [2023-05-04T15:44:14.913Z] <<< [apiv2][status] GET https://firebase-public.firebaseio.com/cli.json 200
[debug] [2023-05-04T15:44:14.914Z] <<< [apiv2][body] GET https://firebase-public.firebaseio.com/cli.json {"cloudBuildErrorAfter":1594252800000,"cloudBuildWarnAfter":1590019200000,"defaultNode10After":1594252800000,"minVersion":"3.0.5","node8DeploysDisabledAfter":1613390400000,"node8RuntimeDisabledAfter":1615809600000,"node8WarnAfter":1600128000000}
[info] 
=== Project Setup
[info] 
[info] First, let's associate this project directory with a Firebase project.
[info] You can create multiple project aliases by running firebase use --add, 
[info] but for now we'll just set up a default project.
[info] 
[debug] [2023-05-04T15:45:03.990Z] > refreshing access token with scopes: []
[debug] [2023-05-04T15:45:03.992Z] >>> [apiv2][query] POST https://www.googleapis.com/oauth2/v3/token [none]
[debug] [2023-05-04T15:45:03.992Z] >>> [apiv2][body] POST https://www.googleapis.com/oauth2/v3/token [omitted]
[debug] [2023-05-04T15:45:04.352Z] <<< [apiv2][status] POST https://www.googleapis.com/oauth2/v3/token 200
[debug] [2023-05-04T15:45:04.352Z] <<< [apiv2][body] POST https://www.googleapis.com/oauth2/v3/token [omitted]
[debug] [2023-05-04T15:45:04.373Z] >>> [apiv2][query] GET https://firebase.googleapis.com/v1beta1/projects pageSize=100
[debug] [2023-05-04T15:45:05.472Z] <<< [apiv2][status] GET https://firebase.googleapis.com/v1beta1/projects 200
[debug] [2023-05-04T15:45:05.472Z] <<< [apiv2][body] GET https://firebase.googleapis.com/v1beta1/projects [omitted]
